mode: set
url-shortener/internal/repository/postgres/link/repository.go:31.35,35.2 1 1
url-shortener/internal/repository/postgres/link/repository.go:37.93,39.16 2 1
url-shortener/internal/repository/postgres/link/repository.go:39.16,41.3 1 1
url-shortener/internal/repository/postgres/link/repository.go:43.2,44.53 2 1
url-shortener/internal/repository/postgres/link/repository.go:44.53,45.48 1 1
url-shortener/internal/repository/postgres/link/repository.go:47.20,49.18 2 1
url-shortener/internal/repository/postgres/link/repository.go:49.18,51.5 1 0
url-shortener/internal/repository/postgres/link/repository.go:52.4,52.31 1 1
url-shortener/internal/repository/postgres/link/repository.go:54.53,55.48 1 1
url-shortener/internal/repository/postgres/link/repository.go:57.11,59.18 2 1
url-shortener/internal/repository/postgres/link/repository.go:59.18,61.5 1 1
url-shortener/internal/repository/postgres/link/repository.go:62.4,62.31 1 1
url-shortener/internal/repository/postgres/link/repository.go:65.2,65.60 1 1
url-shortener/internal/repository/postgres/link/repository.go:68.96,71.35 3 1
url-shortener/internal/repository/postgres/link/repository.go:71.35,73.3 1 1
url-shortener/internal/repository/postgres/link/repository.go:74.2,74.16 1 1
url-shortener/internal/repository/postgres/link/repository.go:74.16,76.3 1 1
url-shortener/internal/repository/postgres/link/repository.go:77.2,77.22 1 1
url-shortener/internal/repository/postgres/link/repository.go:80.92,83.16 3 1
url-shortener/internal/repository/postgres/link/repository.go:83.16,84.36 1 1
url-shortener/internal/repository/postgres/link/repository.go:84.36,86.4 1 1
url-shortener/internal/repository/postgres/link/repository.go:87.3,87.56 1 1
url-shortener/internal/repository/postgres/link/repository.go:89.2,89.25 1 1
